Hmm ... looks like a package
Converting parsed Rd's to LaTeX 
Creating pdf output from LaTeX ...

This is pdfTeX, Version 3.141592653-2.6-1.40.28 (TeX Live 2025) (preloaded format=pdflatex)
 restricted \write18 enabled.
entering extended mode
LaTeX2e <2025-11-01>
L3 programming layer <2025-11-14>
(./Rd2.tex
(/Users/mayankgandhi/Library/TinyTeX/texmf-dist/tex/latex/base/book.cls
Document Class: book 2025/01/22 v1.4n Standard LaTeX document class
(/Users/mayankgandhi/Library/TinyTeX/texmf-dist/tex/latex/base/bk10.clo)) (/Library/Frameworks/R.framework/Resources/share/texmf/tex/latex/Rd.sty (/Users/mayankgandhi/Library/TinyTeX/texmf-dist/tex/latex/base/ifthen.sty) (/Users/mayankgandhi/Library/TinyTeX/texmf-dist/tex/generic/iftex/iftex.sty) (/Users/mayankgandhi/Library/TinyTeX/texmf-dist/tex/latex/tools/longtable.sty) (/Users/mayankgandhi/Library/TinyTeX/texmf-dist/tex/latex/tools/bm.sty) (/Users/mayankgandhi/Library/TinyTeX/texmf-dist/tex/latex/base/alltt.sty) (/Users/mayankgandhi/Library/TinyTeX/texmf-dist/tex/latex/tools/verbatim.sty) (/Users/mayankgandhi/Library/TinyTeX/texmf-dist/tex/latex/url/url.sty) (/Users/mayankgandhi/Library/TinyTeX/texmf-dist/tex/latex/base/textcomp.sty) (/Users/mayankgandhi/Library/TinyTeX/texmf-dist/tex/latex/amsmath/amsmath.sty
For additional information on amsmath, use the `?' option.
(/Users/mayankgandhi/Library/TinyTeX/texmf-dist/tex/latex/amsmath/amstext.sty (/Users/mayankgandhi/Library/TinyTeX/texmf-dist/tex/latex/amsmath/amsgen.sty)) (/Users/mayankgandhi/Library/TinyTeX/texmf-dist/tex/latex/amsmath/amsbsy.sty) (/Users/mayankgandhi/Library/TinyTeX/texmf-dist/tex/latex/amsmath/amsopn.sty)) (/Users/mayankgandhi/Library/TinyTeX/texmf-dist/tex/latex/amsfonts/amsfonts.sty) (/Users/mayankgandhi/Library/TinyTeX/texmf-dist/tex/latex/amsfonts/amssymb.sty) (/Users/mayankgandhi/Library/TinyTeX/texmf-dist/tex/latex/jknapltx/mathrsfs.sty) (/Users/mayankgandhi/Library/TinyTeX/texmf-dist/tex/latex/base/fontenc.sty) (/Users/mayankgandhi/Library/TinyTeX/texmf-dist/tex/latex/psnfss/times.sty) (/Users/mayankgandhi/Library/TinyTeX/texmf-dist/tex/latex/inconsolata/zi4.sty `inconsolata-zi4' v1.12, 2019/05/17 Text macros for Inconsolata (msharpe) (/Users/mayankgandhi/Library/TinyTeX/texmf-dist/tex/latex/xkeyval/xkeyval.sty (/Users/mayankgandhi/Library/TinyTeX/texmf-dist/tex/generic/xkeyval/xkeyval.tex (/Users/mayankgandhi/Library/TinyTeX/texmf-dist/tex/generic/xkeyval/xkvutils.tex (/Users/mayankgandhi/Library/TinyTeX/texmf-dist/tex/generic/xkeyval/keyval.tex))))) (/Users/mayankgandhi/Library/TinyTeX/texmf-dist/tex/latex/graphics/color.sty (/Users/mayankgandhi/Library/TinyTeX/texmf-dist/tex/latex/graphics-cfg/color.cfg) (/Users/mayankgandhi/Library/TinyTeX/texmf-dist/tex/latex/graphics-def/pdftex.def) (/Users/mayankgandhi/Library/TinyTeX/texmf-dist/tex/latex/graphics/mathcolor.ltx)) (/Users/mayankgandhi/Library/TinyTeX/texmf-dist/tex/latex/hyperref/hyperref.sty (/Users/mayankgandhi/Library/TinyTeX/texmf-dist/tex/latex/kvsetkeys/kvsetkeys.sty) (/Users/mayankgandhi/Library/TinyTeX/texmf-dist/tex/generic/kvdefinekeys/kvdefinekeys.sty) (/Users/mayankgandhi/Library/TinyTeX/texmf-dist/tex/generic/pdfescape/pdfescape.sty (/Users/mayankgandhi/Library/TinyTeX/texmf-dist/tex/generic/ltxcmds/ltxcmds.sty) (/Users/mayankgandhi/Library/TinyTeX/texmf-dist/tex/generic/pdftexcmds/pdftexcmds.sty (/Users/mayankgandhi/Library/TinyTeX/texmf-dist/tex/generic/infwarerr/infwarerr.sty))) (/Users/mayankgandhi/Library/TinyTeX/texmf-dist/tex/latex/hycolor/hycolor.sty) (/Users/mayankgandhi/Library/TinyTeX/texmf-dist/tex/latex/hyperref/nameref.sty (/Users/mayankgandhi/Library/TinyTeX/texmf-dist/tex/latex/refcount/refcount.sty) (/Users/mayankgandhi/Library/TinyTeX/texmf-dist/tex/generic/gettitlestring/gettitlestring.sty (/Users/mayankgandhi/Library/TinyTeX/texmf-dist/tex/latex/kvoptions/kvoptions.sty))) (/Users/mayankgandhi/Library/TinyTeX/texmf-dist/tex/latex/etoolbox/etoolbox.sty) (/Users/mayankgandhi/Library/TinyTeX/texmf-dist/tex/generic/stringenc/stringenc.sty) (/Users/mayankgandhi/Library/TinyTeX/texmf-dist/tex/latex/hyperref/pd1enc.def) (/Users/mayankgandhi/Library/TinyTeX/texmf-dist/tex/generic/intcalc/intcalc.sty) (/Users/mayankgandhi/Library/TinyTeX/texmf-dist/tex/latex/hyperref/puenc.def) (/Users/mayankgandhi/Library/TinyTeX/texmf-dist/tex/generic/bitset/bitset.sty (/Users/mayankgandhi/Library/TinyTeX/texmf-dist/tex/generic/bigintcalc/bigintcalc.sty))) (/Users/mayankgandhi/Library/TinyTeX/texmf-dist/tex/latex/hyperref/hpdftex.def (/Users/mayankgandhi/Library/TinyTeX/texmf-dist/tex/latex/rerunfilecheck/rerunfilecheck.sty (/Users/mayankgandhi/Library/TinyTeX/texmf-dist/tex/generic/uniquecounter/uniquecounter.sty)))) (/Users/mayankgandhi/Library/TinyTeX/texmf-dist/tex/latex/base/makeidx.sty)
Writing index file Rd2.idx
(/Users/mayankgandhi/Library/TinyTeX/texmf-dist/tex/latex/psnfss/t1ptm.fd) (/Users/mayankgandhi/Library/TinyTeX/texmf-dist/tex/latex/l3backend/l3backend-pdftex.def)
No file Rd2.aux.
(/Users/mayankgandhi/Library/TinyTeX/texmf-dist/tex/latex/psnfss/ts1ptm.fd) (/Users/mayankgandhi/Library/TinyTeX/texmf-dist/tex/latex/inconsolata/t1zi4.fd) (/Users/mayankgandhi/Library/TinyTeX/texmf-dist/tex/latex/amsfonts/umsa.fd) (/Users/mayankgandhi/Library/TinyTeX/texmf-dist/tex/latex/amsfonts/umsb.fd) (/Users/mayankgandhi/Library/TinyTeX/texmf-dist/tex/latex/jknapltx/ursfs.fd)
No file Rd2.toc.
[1{/Users/mayankgandhi/Library/TinyTeX/texmf-var/fonts/map/pdftex/updmap/pdftex.map}{/Users/mayankgandhi/Library/TinyTeX/texmf-dist/fonts/enc/dvips/base/8r.enc}{/Users/mayankgandhi/Library/TinyTeX/texmf-dist/fonts/enc/dvips/inconsolata/i4-t1-0.enc}]
Underfull \hbox (badness 2285) in paragraph at lines 53--53
[]\T1/ptm/m/it/10 Match over-ex-pressed genes against CellChatDB ligand-receptor
[2]
No file Rd2.ind.
[3] (/private/var/folders/5d/5dmc3ny10hn4bkzbc450n4140000gn/T/Rtmpir0fQX/Rd2pdf1eab596fda7d/Rd2.aux)

Package rerunfilecheck Warning: File `Rd2.out' has changed.
(rerunfilecheck)                Rerun to get outlines right
(rerunfilecheck)                or use package `bookmark'.

 )
(see the transcript file for additional information)</Users/mayankgandhi/Library/TinyTeX/texmf-dist/fonts/type1/public/inconsolata/Inconsolata-zi4r.pfb></Users/mayankgandhi/Library/TinyTeX/texmf-dist/fonts/type1/urw/times/utmb8a.pfb></Users/mayankgandhi/Library/TinyTeX/texmf-dist/fonts/type1/urw/times/utmr8a.pfb></Users/mayankgandhi/Library/TinyTeX/texmf-dist/fonts/type1/urw/times/utmr8a.pfb></Users/mayankgandhi/Library/TinyTeX/texmf-dist/fonts/type1/urw/times/utmri8a.pfb>
Output written on Rd2.pdf (3 pages, 77231 bytes).
Transcript written on Rd2.log.
This is makeindex, version 2.17 [TeX Live 2025] (kpathsea + Thai support).
Scanning input file Rd2.idx....done (4 entries accepted, 0 rejected).
Sorting entries....done (9 comparisons).
Generating output file Rd2.ind....done (11 lines written, 0 warnings).
Output written in Rd2.ind.
Transcript written in Rd2.ilg.
This is pdfTeX, Version 3.141592653-2.6-1.40.28 (TeX Live 2025) (preloaded format=pdflatex)
 restricted \write18 enabled.
entering extended mode
LaTeX2e <2025-11-01>
L3 programming layer <2025-11-14>
(./Rd2.tex
(/Users/mayankgandhi/Library/TinyTeX/texmf-dist/tex/latex/base/book.cls
Document Class: book 2025/01/22 v1.4n Standard LaTeX document class
(/Users/mayankgandhi/Library/TinyTeX/texmf-dist/tex/latex/base/bk10.clo)) (/Library/Frameworks/R.framework/Resources/share/texmf/tex/latex/Rd.sty (/Users/mayankgandhi/Library/TinyTeX/texmf-dist/tex/latex/base/ifthen.sty) (/Users/mayankgandhi/Library/TinyTeX/texmf-dist/tex/generic/iftex/iftex.sty) (/Users/mayankgandhi/Library/TinyTeX/texmf-dist/tex/latex/tools/longtable.sty) (/Users/mayankgandhi/Library/TinyTeX/texmf-dist/tex/latex/tools/bm.sty) (/Users/mayankgandhi/Library/TinyTeX/texmf-dist/tex/latex/base/alltt.sty) (/Users/mayankgandhi/Library/TinyTeX/texmf-dist/tex/latex/tools/verbatim.sty) (/Users/mayankgandhi/Library/TinyTeX/texmf-dist/tex/latex/url/url.sty) (/Users/mayankgandhi/Library/TinyTeX/texmf-dist/tex/latex/base/textcomp.sty) (/Users/mayankgandhi/Library/TinyTeX/texmf-dist/tex/latex/amsmath/amsmath.sty
For additional information on amsmath, use the `?' option.
(/Users/mayankgandhi/Library/TinyTeX/texmf-dist/tex/latex/amsmath/amstext.sty (/Users/mayankgandhi/Library/TinyTeX/texmf-dist/tex/latex/amsmath/amsgen.sty)) (/Users/mayankgandhi/Library/TinyTeX/texmf-dist/tex/latex/amsmath/amsbsy.sty) (/Users/mayankgandhi/Library/TinyTeX/texmf-dist/tex/latex/amsmath/amsopn.sty)) (/Users/mayankgandhi/Library/TinyTeX/texmf-dist/tex/latex/amsfonts/amsfonts.sty) (/Users/mayankgandhi/Library/TinyTeX/texmf-dist/tex/latex/amsfonts/amssymb.sty) (/Users/mayankgandhi/Library/TinyTeX/texmf-dist/tex/latex/jknapltx/mathrsfs.sty) (/Users/mayankgandhi/Library/TinyTeX/texmf-dist/tex/latex/base/fontenc.sty) (/Users/mayankgandhi/Library/TinyTeX/texmf-dist/tex/latex/psnfss/times.sty) (/Users/mayankgandhi/Library/TinyTeX/texmf-dist/tex/latex/inconsolata/zi4.sty `inconsolata-zi4' v1.12, 2019/05/17 Text macros for Inconsolata (msharpe) (/Users/mayankgandhi/Library/TinyTeX/texmf-dist/tex/latex/xkeyval/xkeyval.sty (/Users/mayankgandhi/Library/TinyTeX/texmf-dist/tex/generic/xkeyval/xkeyval.tex (/Users/mayankgandhi/Library/TinyTeX/texmf-dist/tex/generic/xkeyval/xkvutils.tex (/Users/mayankgandhi/Library/TinyTeX/texmf-dist/tex/generic/xkeyval/keyval.tex))))) (/Users/mayankgandhi/Library/TinyTeX/texmf-dist/tex/latex/graphics/color.sty (/Users/mayankgandhi/Library/TinyTeX/texmf-dist/tex/latex/graphics-cfg/color.cfg) (/Users/mayankgandhi/Library/TinyTeX/texmf-dist/tex/latex/graphics-def/pdftex.def) (/Users/mayankgandhi/Library/TinyTeX/texmf-dist/tex/latex/graphics/mathcolor.ltx)) (/Users/mayankgandhi/Library/TinyTeX/texmf-dist/tex/latex/hyperref/hyperref.sty (/Users/mayankgandhi/Library/TinyTeX/texmf-dist/tex/latex/kvsetkeys/kvsetkeys.sty) (/Users/mayankgandhi/Library/TinyTeX/texmf-dist/tex/generic/kvdefinekeys/kvdefinekeys.sty) (/Users/mayankgandhi/Library/TinyTeX/texmf-dist/tex/generic/pdfescape/pdfescape.sty (/Users/mayankgandhi/Library/TinyTeX/texmf-dist/tex/generic/ltxcmds/ltxcmds.sty) (/Users/mayankgandhi/Library/TinyTeX/texmf-dist/tex/generic/pdftexcmds/pdftexcmds.sty (/Users/mayankgandhi/Library/TinyTeX/texmf-dist/tex/generic/infwarerr/infwarerr.sty))) (/Users/mayankgandhi/Library/TinyTeX/texmf-dist/tex/latex/hycolor/hycolor.sty) (/Users/mayankgandhi/Library/TinyTeX/texmf-dist/tex/latex/hyperref/nameref.sty (/Users/mayankgandhi/Library/TinyTeX/texmf-dist/tex/latex/refcount/refcount.sty) (/Users/mayankgandhi/Library/TinyTeX/texmf-dist/tex/generic/gettitlestring/gettitlestring.sty (/Users/mayankgandhi/Library/TinyTeX/texmf-dist/tex/latex/kvoptions/kvoptions.sty))) (/Users/mayankgandhi/Library/TinyTeX/texmf-dist/tex/latex/etoolbox/etoolbox.sty) (/Users/mayankgandhi/Library/TinyTeX/texmf-dist/tex/generic/stringenc/stringenc.sty) (/Users/mayankgandhi/Library/TinyTeX/texmf-dist/tex/latex/hyperref/pd1enc.def) (/Users/mayankgandhi/Library/TinyTeX/texmf-dist/tex/generic/intcalc/intcalc.sty) (/Users/mayankgandhi/Library/TinyTeX/texmf-dist/tex/latex/hyperref/puenc.def) (/Users/mayankgandhi/Library/TinyTeX/texmf-dist/tex/generic/bitset/bitset.sty (/Users/mayankgandhi/Library/TinyTeX/texmf-dist/tex/generic/bigintcalc/bigintcalc.sty))) (/Users/mayankgandhi/Library/TinyTeX/texmf-dist/tex/latex/hyperref/hpdftex.def (/Users/mayankgandhi/Library/TinyTeX/texmf-dist/tex/latex/rerunfilecheck/rerunfilecheck.sty (/Users/mayankgandhi/Library/TinyTeX/texmf-dist/tex/generic/uniquecounter/uniquecounter.sty)))) (/Users/mayankgandhi/Library/TinyTeX/texmf-dist/tex/latex/base/makeidx.sty)
Writing index file Rd2.idx
(/Users/mayankgandhi/Library/TinyTeX/texmf-dist/tex/latex/psnfss/t1ptm.fd) (/Users/mayankgandhi/Library/TinyTeX/texmf-dist/tex/latex/l3backend/l3backend-pdftex.def) (/private/var/folders/5d/5dmc3ny10hn4bkzbc450n4140000gn/T/Rtmpir0fQX/Rd2pdf1eab596fda7d/Rd2.aux) (/private/var/folders/5d/5dmc3ny10hn4bkzbc450n4140000gn/T/Rtmpir0fQX/Rd2pdf1eab596fda7d/Rd2.out) (/private/var/folders/5d/5dmc3ny10hn4bkzbc450n4140000gn/T/Rtmpir0fQX/Rd2pdf1eab596fda7d/Rd2.out) (/Users/mayankgandhi/Library/TinyTeX/texmf-dist/tex/latex/psnfss/ts1ptm.fd) (/Users/mayankgandhi/Library/TinyTeX/texmf-dist/tex/latex/inconsolata/t1zi4.fd) (/Users/mayankgandhi/Library/TinyTeX/texmf-dist/tex/latex/amsfonts/umsa.fd) (/Users/mayankgandhi/Library/TinyTeX/texmf-dist/tex/latex/amsfonts/umsb.fd) (/Users/mayankgandhi/Library/TinyTeX/texmf-dist/tex/latex/jknapltx/ursfs.fd) (/private/var/folders/5d/5dmc3ny10hn4bkzbc450n4140000gn/T/Rtmpir0fQX/Rd2pdf1eab596fda7d/Rd2.toc) [1{/Users/mayankgandhi/Library/TinyTeX/texmf-var/fonts/map/pdftex/updmap/pdftex.map}{/Users/mayankgandhi/Library/TinyTeX/texmf-dist/fonts/enc/dvips/base/8r.enc}{/Users/mayankgandhi/Library/TinyTeX/texmf-dist/fonts/enc/dvips/inconsolata/i4-t1-0.enc}]
Underfull \hbox (badness 2285) in paragraph at lines 53--53
[]\T1/ptm/m/it/10 Match over-ex-pressed genes against CellChatDB ligand-receptor
[2] [3] (/private/var/folders/5d/5dmc3ny10hn4bkzbc450n4140000gn/T/Rtmpir0fQX/Rd2pdf1eab596fda7d/Rd2.ind [4] [5]) (/private/var/folders/5d/5dmc3ny10hn4bkzbc450n4140000gn/T/Rtmpir0fQX/Rd2pdf1eab596fda7d/Rd2.aux)

Package rerunfilecheck Warning: File `Rd2.out' has changed.
(rerunfilecheck)                Rerun to get outlines right
(rerunfilecheck)                or use package `bookmark'.

 )
(see the transcript file for additional information)</Users/mayankgandhi/Library/TinyTeX/texmf-dist/fonts/type1/public/inconsolata/Inconsolata-zi4r.pfb></Users/mayankgandhi/Library/TinyTeX/texmf-dist/fonts/type1/urw/times/utmb8a.pfb></Users/mayankgandhi/Library/TinyTeX/texmf-dist/fonts/type1/urw/times/utmr8a.pfb></Users/mayankgandhi/Library/TinyTeX/texmf-dist/fonts/type1/urw/times/utmr8a.pfb></Users/mayankgandhi/Library/TinyTeX/texmf-dist/fonts/type1/urw/times/utmri8a.pfb>
Output written on Rd2.pdf (5 pages, 79336 bytes).
Transcript written on Rd2.log.
This is makeindex, version 2.17 [TeX Live 2025] (kpathsea + Thai support).
Scanning input file Rd2.idx....done (4 entries accepted, 0 rejected).
Sorting entries....done (9 comparisons).
Generating output file Rd2.ind....done (11 lines written, 0 warnings).
Output written in Rd2.ind.
Transcript written in Rd2.ilg.
This is pdfTeX, Version 3.141592653-2.6-1.40.28 (TeX Live 2025) (preloaded format=pdflatex)
 restricted \write18 enabled.
entering extended mode
LaTeX2e <2025-11-01>
L3 programming layer <2025-11-14>
(./Rd2.tex
(/Users/mayankgandhi/Library/TinyTeX/texmf-dist/tex/latex/base/book.cls
Document Class: book 2025/01/22 v1.4n Standard LaTeX document class
(/Users/mayankgandhi/Library/TinyTeX/texmf-dist/tex/latex/base/bk10.clo)) (/Library/Frameworks/R.framework/Resources/share/texmf/tex/latex/Rd.sty (/Users/mayankgandhi/Library/TinyTeX/texmf-dist/tex/latex/base/ifthen.sty) (/Users/mayankgandhi/Library/TinyTeX/texmf-dist/tex/generic/iftex/iftex.sty) (/Users/mayankgandhi/Library/TinyTeX/texmf-dist/tex/latex/tools/longtable.sty) (/Users/mayankgandhi/Library/TinyTeX/texmf-dist/tex/latex/tools/bm.sty) (/Users/mayankgandhi/Library/TinyTeX/texmf-dist/tex/latex/base/alltt.sty) (/Users/mayankgandhi/Library/TinyTeX/texmf-dist/tex/latex/tools/verbatim.sty) (/Users/mayankgandhi/Library/TinyTeX/texmf-dist/tex/latex/url/url.sty) (/Users/mayankgandhi/Library/TinyTeX/texmf-dist/tex/latex/base/textcomp.sty) (/Users/mayankgandhi/Library/TinyTeX/texmf-dist/tex/latex/amsmath/amsmath.sty
For additional information on amsmath, use the `?' option.
(/Users/mayankgandhi/Library/TinyTeX/texmf-dist/tex/latex/amsmath/amstext.sty (/Users/mayankgandhi/Library/TinyTeX/texmf-dist/tex/latex/amsmath/amsgen.sty)) (/Users/mayankgandhi/Library/TinyTeX/texmf-dist/tex/latex/amsmath/amsbsy.sty) (/Users/mayankgandhi/Library/TinyTeX/texmf-dist/tex/latex/amsmath/amsopn.sty)) (/Users/mayankgandhi/Library/TinyTeX/texmf-dist/tex/latex/amsfonts/amsfonts.sty) (/Users/mayankgandhi/Library/TinyTeX/texmf-dist/tex/latex/amsfonts/amssymb.sty) (/Users/mayankgandhi/Library/TinyTeX/texmf-dist/tex/latex/jknapltx/mathrsfs.sty) (/Users/mayankgandhi/Library/TinyTeX/texmf-dist/tex/latex/base/fontenc.sty) (/Users/mayankgandhi/Library/TinyTeX/texmf-dist/tex/latex/psnfss/times.sty) (/Users/mayankgandhi/Library/TinyTeX/texmf-dist/tex/latex/inconsolata/zi4.sty `inconsolata-zi4' v1.12, 2019/05/17 Text macros for Inconsolata (msharpe) (/Users/mayankgandhi/Library/TinyTeX/texmf-dist/tex/latex/xkeyval/xkeyval.sty (/Users/mayankgandhi/Library/TinyTeX/texmf-dist/tex/generic/xkeyval/xkeyval.tex (/Users/mayankgandhi/Library/TinyTeX/texmf-dist/tex/generic/xkeyval/xkvutils.tex (/Users/mayankgandhi/Library/TinyTeX/texmf-dist/tex/generic/xkeyval/keyval.tex))))) (/Users/mayankgandhi/Library/TinyTeX/texmf-dist/tex/latex/graphics/color.sty (/Users/mayankgandhi/Library/TinyTeX/texmf-dist/tex/latex/graphics-cfg/color.cfg) (/Users/mayankgandhi/Library/TinyTeX/texmf-dist/tex/latex/graphics-def/pdftex.def) (/Users/mayankgandhi/Library/TinyTeX/texmf-dist/tex/latex/graphics/mathcolor.ltx)) (/Users/mayankgandhi/Library/TinyTeX/texmf-dist/tex/latex/hyperref/hyperref.sty (/Users/mayankgandhi/Library/TinyTeX/texmf-dist/tex/latex/kvsetkeys/kvsetkeys.sty) (/Users/mayankgandhi/Library/TinyTeX/texmf-dist/tex/generic/kvdefinekeys/kvdefinekeys.sty) (/Users/mayankgandhi/Library/TinyTeX/texmf-dist/tex/generic/pdfescape/pdfescape.sty (/Users/mayankgandhi/Library/TinyTeX/texmf-dist/tex/generic/ltxcmds/ltxcmds.sty) (/Users/mayankgandhi/Library/TinyTeX/texmf-dist/tex/generic/pdftexcmds/pdftexcmds.sty (/Users/mayankgandhi/Library/TinyTeX/texmf-dist/tex/generic/infwarerr/infwarerr.sty))) (/Users/mayankgandhi/Library/TinyTeX/texmf-dist/tex/latex/hycolor/hycolor.sty) (/Users/mayankgandhi/Library/TinyTeX/texmf-dist/tex/latex/hyperref/nameref.sty (/Users/mayankgandhi/Library/TinyTeX/texmf-dist/tex/latex/refcount/refcount.sty) (/Users/mayankgandhi/Library/TinyTeX/texmf-dist/tex/generic/gettitlestring/gettitlestring.sty (/Users/mayankgandhi/Library/TinyTeX/texmf-dist/tex/latex/kvoptions/kvoptions.sty))) (/Users/mayankgandhi/Library/TinyTeX/texmf-dist/tex/latex/etoolbox/etoolbox.sty) (/Users/mayankgandhi/Library/TinyTeX/texmf-dist/tex/generic/stringenc/stringenc.sty) (/Users/mayankgandhi/Library/TinyTeX/texmf-dist/tex/latex/hyperref/pd1enc.def) (/Users/mayankgandhi/Library/TinyTeX/texmf-dist/tex/generic/intcalc/intcalc.sty) (/Users/mayankgandhi/Library/TinyTeX/texmf-dist/tex/latex/hyperref/puenc.def) (/Users/mayankgandhi/Library/TinyTeX/texmf-dist/tex/generic/bitset/bitset.sty (/Users/mayankgandhi/Library/TinyTeX/texmf-dist/tex/generic/bigintcalc/bigintcalc.sty))) (/Users/mayankgandhi/Library/TinyTeX/texmf-dist/tex/latex/hyperref/hpdftex.def (/Users/mayankgandhi/Library/TinyTeX/texmf-dist/tex/latex/rerunfilecheck/rerunfilecheck.sty (/Users/mayankgandhi/Library/TinyTeX/texmf-dist/tex/generic/uniquecounter/uniquecounter.sty)))) (/Users/mayankgandhi/Library/TinyTeX/texmf-dist/tex/latex/base/makeidx.sty)
Writing index file Rd2.idx
(/Users/mayankgandhi/Library/TinyTeX/texmf-dist/tex/latex/psnfss/t1ptm.fd) (/Users/mayankgandhi/Library/TinyTeX/texmf-dist/tex/latex/l3backend/l3backend-pdftex.def) (/private/var/folders/5d/5dmc3ny10hn4bkzbc450n4140000gn/T/Rtmpir0fQX/Rd2pdf1eab596fda7d/Rd2.aux) (/private/var/folders/5d/5dmc3ny10hn4bkzbc450n4140000gn/T/Rtmpir0fQX/Rd2pdf1eab596fda7d/Rd2.out) (/private/var/folders/5d/5dmc3ny10hn4bkzbc450n4140000gn/T/Rtmpir0fQX/Rd2pdf1eab596fda7d/Rd2.out) (/Users/mayankgandhi/Library/TinyTeX/texmf-dist/tex/latex/psnfss/ts1ptm.fd) (/Users/mayankgandhi/Library/TinyTeX/texmf-dist/tex/latex/inconsolata/t1zi4.fd) (/Users/mayankgandhi/Library/TinyTeX/texmf-dist/tex/latex/amsfonts/umsa.fd) (/Users/mayankgandhi/Library/TinyTeX/texmf-dist/tex/latex/amsfonts/umsb.fd) (/Users/mayankgandhi/Library/TinyTeX/texmf-dist/tex/latex/jknapltx/ursfs.fd) (/private/var/folders/5d/5dmc3ny10hn4bkzbc450n4140000gn/T/Rtmpir0fQX/Rd2pdf1eab596fda7d/Rd2.toc) [1{/Users/mayankgandhi/Library/TinyTeX/texmf-var/fonts/map/pdftex/updmap/pdftex.map}{/Users/mayankgandhi/Library/TinyTeX/texmf-dist/fonts/enc/dvips/base/8r.enc}{/Users/mayankgandhi/Library/TinyTeX/texmf-dist/fonts/enc/dvips/inconsolata/i4-t1-0.enc}]
Underfull \hbox (badness 2285) in paragraph at lines 53--53
[]\T1/ptm/m/it/10 Match over-ex-pressed genes against CellChatDB ligand-receptor
[2] [3] (/private/var/folders/5d/5dmc3ny10hn4bkzbc450n4140000gn/T/Rtmpir0fQX/Rd2pdf1eab596fda7d/Rd2.ind [4] [5]) (/private/var/folders/5d/5dmc3ny10hn4bkzbc450n4140000gn/T/Rtmpir0fQX/Rd2pdf1eab596fda7d/Rd2.aux) )
(see the transcript file for additional information)</Users/mayankgandhi/Library/TinyTeX/texmf-dist/fonts/type1/public/inconsolata/Inconsolata-zi4r.pfb></Users/mayankgandhi/Library/TinyTeX/texmf-dist/fonts/type1/urw/times/utmb8a.pfb></Users/mayankgandhi/Library/TinyTeX/texmf-dist/fonts/type1/urw/times/utmr8a.pfb></Users/mayankgandhi/Library/TinyTeX/texmf-dist/fonts/type1/urw/times/utmr8a.pfb></Users/mayankgandhi/Library/TinyTeX/texmf-dist/fonts/type1/urw/times/utmri8a.pfb>
Output written on Rd2.pdf (5 pages, 79557 bytes).
Transcript written on Rd2.log.
Saving output to ‘cellchatr-manual.pdf’ ...
Done
You may want to clean up by 'rm -Rf /var/folders/5d/5dmc3ny10hn4bkzbc450n4140000gn/T//Rtmpir0fQX/Rd2pdf1eab596fda7d'
